<?xml version="1.0" encoding="UTF-8"?>
<testsuite name="TwoferTest" tests="1" skipped="0" failures="0" errors="0" timestamp="2023-10-27T14:17:12" hostname="GRNOTE" time="0.026">
  <properties/>
  <testcase name="anotherNameGiven" classname="TwoferTest" time="0.026"/>
  <system-out><![CDATA[]]></system-out>
  <system-err><![CDATA[]]></system-err>
</testsuite>
